c:\temp\dv2551-project\dv2551-project\x64\debug\dv2551-project.pch
c:\temp\dv2551-project\dv2551-project\x64\debug\vc141.pdb
c:\temp\dv2551-project\dv2551-project\x64\debug\vc141.idb
c:\temp\dv2551-project\dv2551-project\x64\debug\stdafx.obj
c:\temp\dv2551-project\dv2551-project\x64\debug\d3dfactory.obj
c:\temp\dv2551-project\dv2551-project\x64\debug\gameclass.obj
c:\temp\dv2551-project\dv2551-project\x64\debug\gpuhighway.obj
c:\temp\dv2551-project\dv2551-project\x64\debug\input.obj
c:\temp\dv2551-project\dv2551-project\x64\debug\main.obj
c:\temp\dv2551-project\dv2551-project\x64\debug\systemclass.obj
c:\temp\dv2551-project\dv2551-project\x64\debug\window.obj
c:\temp\dv2551-project\dv2551-project\x64\debug\plane.obj
c:\temp\dv2551-project\x64\debug\dv2551-project.ilk
c:\temp\dv2551-project\x64\debug\dv2551-project.exe
c:\temp\dv2551-project\x64\debug\dv2551-project.pdb
c:\temp\dv2551-project\dv2551-project\x64\debug\dv2551-project.tlog\cl.command.1.tlog
c:\temp\dv2551-project\dv2551-project\x64\debug\dv2551-project.tlog\cl.read.1.tlog
c:\temp\dv2551-project\dv2551-project\x64\debug\dv2551-project.tlog\cl.write.1.tlog
c:\temp\dv2551-project\dv2551-project\x64\debug\dv2551-project.tlog\link.command.1.tlog
c:\temp\dv2551-project\dv2551-project\x64\debug\dv2551-project.tlog\link.read.1.tlog
c:\temp\dv2551-project\dv2551-project\x64\debug\dv2551-project.tlog\link.write.1.tlog
